<?xml version="1.0" encoding="utf-8"?><testsuites><testsuite name="pytest" errors="0" failures="0" skipped="0" tests="4" time="0.190" timestamp="2025-11-15T14:07:52.009730+03:00" hostname="edaltshuler-osx"><testcase classname="tests.test_login_sql_injection" name="test_login_should_not_allow_sql_injection" time="0.004" /><testcase classname="tests.test_login_sql_injection" name="test_login_valid_credentials_format" time="0.003" /><testcase classname="tests.test_search_sql_like" name="test_search_should_not_return_all_on_injection" time="0.003" /><testcase classname="tests.test_xss_escaping" name="test_echo_should_escape_script_tags" time="0.003" /></testsuite></testsuites>